#
# There is insufficient memory for the Java Runtime Environment to continue.
# Native memory allocation (malloc) failed to allocate 32744 bytes. Error detail: Chunk::new
# Possible reasons:
#   The system is out of physical RAM or swap space
#   This process is running with CompressedOops enabled, and the Java Heap may be blocking the growth of the native heap
# Possible solutions:
#   Reduce memory load on the system
#   Increase physical memory or swap space
#   Check if swap backing store is full
#   Decrease Java heap size (-Xmx/-Xms)
#   Decrease number of Java threads
#   Decrease Java thread stack sizes (-Xss)
#   Set larger code cache with -XX:ReservedCodeCacheSize=
#   JVM is running with Unscaled Compressed Oops mode in which the Java heap is
#     placed in the first 4GB address space. The Java Heap base address is the
#     maximum limit for the native heap growth. Please use -XX:HeapBaseMinAddress
#     to set the Java Heap base and to place the Java Heap above 4GB virtual address.
# This output file may be truncated or incomplete.
#
#  Out of Memory Error (arena.cpp:168), pid=31336, tid=21896
#
# JRE version: OpenJDK Runtime Environment Temurin-21.0.10+7 (21.0.10+7) (build 21.0.10+7-LTS)
# Java VM: OpenJDK 64-Bit Server VM Temurin-21.0.10+7 (21.0.10+7-LTS, mixed mode, sharing, tiered, compressed oops, compressed class ptrs, parallel gc, windows-amd64)
# No core dump will be written. Minidumps are not enabled by default on client versions of Windows
#

---------------  S U M M A R Y ------------

Command Line: --add-modules=ALL-SYSTEM --add-opens=java.base/java.util=ALL-UNNAMED --add-opens=java.base/java.lang=ALL-UNNAMED --add-opens=java.base/sun.nio.fs=ALL-UNNAMED -Declipse.application=org.eclipse.jdt.ls.core.id1 -Dosgi.bundles.defaultStartLevel=4 -Declipse.product=org.eclipse.jdt.ls.core.product -Djava.import.generatesMetadataFilesAtProjectRoot=false -DDetectVMInstallationsJob.disabled=true -Dfile.encoding=utf8 -XX:+UseParallelGC -XX:GCTimeRatio=4 -XX:AdaptiveSizePolicyWeight=90 -Dsun.zip.disableMemoryMapping=true -Xmx2G -Xms100m -Xlog:disable -javaagent:c:\Users\tiany\.vscode\extensions\redhat.java-1.54.0-win32-x64\lombok\lombok-1.18.39-4050.jar -XX:+HeapDumpOnOutOfMemoryError -XX:HeapDumpPath=c:\Users\tiany\AppData\Roaming\Code\User\workspaceStorage\26c497057c0288317eacd1a9e3fe1a07\redhat.java -Daether.dependencyCollector.impl=bf c:\Users\tiany\.vscode\extensions\redhat.java-1.54.0-win32-x64\server\plugins\org.eclipse.equinox.launcher_1.7.100.v20251111-0406.jar -configuration c:\Users\tiany\AppData\Roaming\Code\User\globalStorage\redhat.java\1.54.0\config_win -data c:\Users\tiany\AppData\Roaming\Code\User\workspaceStorage\26c497057c0288317eacd1a9e3fe1a07\redhat.java\jdt_ws --pipe=\\.\pipe\lsp-cc93dd15eef843e078fcf2874bde3b8e-sock

Host: 12th Gen Intel(R) Core(TM) i5-1235U, 12 cores, 15G,  Windows 11 , 64 bit Build 26100 (10.0.26100.8328)
Time: Fri May 22 13:47:17 2026 elapsed time: 14327.786360 seconds (0d 3h 58m 47s)

---------------  T H R E A D  ---------------

Current thread (0x000001eeeaae46d0):  JavaThread "C1 CompilerThread0" daemon [_thread_in_native, id=21896, stack(0x000000e73ef00000,0x000000e73f000000) (1024K)]


Current CompileTask:
C1:14327786 13720   !   3       org.eclipse.jdt.internal.compiler.parser.Scanner::getNextToken0 (3068 bytes)

Stack: [0x000000e73ef00000,0x000000e73f000000]
Native frames: (J=compiled Java code, j=interpreted, Vv=VM code, C=native code)
V  [jvm.dll+0x6d7a39]
V  [jvm.dll+0x8b4b26]
V  [jvm.dll+0x8b70de]
V  [jvm.dll+0x8b77c3]
V  [jvm.dll+0x284346]
V  [jvm.dll+0xc66ed]
V  [jvm.dll+0xc6c31]
V  [jvm.dll+0x19d58e]
V  [jvm.dll+0x19f9c1]
V  [jvm.dll+0x19d475]
V  [jvm.dll+0x19867c]
V  [jvm.dll+0x1a15eb]
V  [jvm.dll+0x199752]
V  [jvm.dll+0x19c782]
V  [jvm.dll+0x1573b5]
V  [jvm.dll+0x156c57]
V  [jvm.dll+0x156e84]
V  [jvm.dll+0x15629c]
V  [jvm.dll+0x15802d]
V  [jvm.dll+0x25b85d]
V  [jvm.dll+0x259dea]
V  [jvm.dll+0x3f857e]
V  [jvm.dll+0x85f59d]
V  [jvm.dll+0x6d626d]
C  [ucrtbase.dll+0x37b0]
C  [KERNEL32.DLL+0x2e957]
C  [ntdll.dll+0x427c]


---------------  P R O C E S S  ---------------

Threads class SMR info:
_java_thread_list=0x000001eef5a8e990, length=40, elements={
0x000001ee91c60f00, 0x000001eea86eb390, 0x000001eeeaac32c0, 0x000001eeeaac60c0,
0x000001eeeaac7b30, 0x000001eeeaac8590, 0x000001eeeaacb000, 0x000001eeeaacbe40,
0x000001eeeaae46d0, 0x000001eeead02650, 0x000001eeeae1e340, 0x000001eef0786860,
0x000001eef0949770, 0x000001eef0341650, 0x000001eef06e4220, 0x000001eef1062860,
0x000001eef0e5f120, 0x000001eef0842df0, 0x000001eef026bb50, 0x000001eef026cf00,
0x000001eef026dc20, 0x000001eef026ae30, 0x000001eef026c870, 0x000001eef026d590,
0x000001eef026e2b0, 0x000001eef1edb1b0, 0x000001eef1ed83c0, 0x000001eef1eda490,
0x000001eef1edbed0, 0x000001eef1ed8a50, 0x000001eef1edb840, 0x000001eef1edc560,
0x000001eef1ed90e0, 0x000001eef1edcbf0, 0x000001eef1ed9770, 0x000001eef1edd280,
0x000001eef1edab20, 0x000001eef1ed9e00, 0x000001eef43e1160, 0x000001eef43dea00
}

Java Threads: ( => current thread )
  0x000001ee91c60f00 JavaThread "main"                              [_thread_blocked, id=29768, stack(0x000000e73e400000,0x000000e73e500000) (1024K)]
  0x000001eea86eb390 JavaThread "Reference Handler"          daemon [_thread_blocked, id=10492, stack(0x000000e73e800000,0x000000e73e900000) (1024K)]
  0x000001eeeaac32c0 JavaThread "Finalizer"                  daemon [_thread_blocked, id=26620, stack(0x000000e73e900000,0x000000e73ea00000) (1024K)]
  0x000001eeeaac60c0 JavaThread "Signal Dispatcher"          daemon [_thread_blocked, id=6108, stack(0x000000e73ea00000,0x000000e73eb00000) (1024K)]
  0x000001eeeaac7b30 JavaThread "Attach Listener"            daemon [_thread_blocked, id=32740, stack(0x000000e73eb00000,0x000000e73ec00000) (1024K)]
  0x000001eeeaac8590 JavaThread "Service Thread"             daemon [_thread_blocked, id=8744, stack(0x000000e73ec00000,0x000000e73ed00000) (1024K)]
  0x000001eeeaacb000 JavaThread "Monitor Deflation Thread"   daemon [_thread_blocked, id=23116, stack(0x000000e73ed00000,0x000000e73ee00000) (1024K)]
  0x000001eeeaacbe40 JavaThread "C2 CompilerThread0"         daemon [_thread_in_native, id=33620, stack(0x000000e73ee00000,0x000000e73ef00000) (1024K)]
=>0x000001eeeaae46d0 JavaThread "C1 CompilerThread0"         daemon [_thread_in_native, id=21896, stack(0x000000e73ef00000,0x000000e73f000000) (1024K)]
  0x000001eeead02650 JavaThread "Common-Cleaner"             daemon [_thread_blocked, id=2280, stack(0x000000e73f100000,0x000000e73f200000) (1024K)]
  0x000001eeeae1e340 JavaThread "Notification Thread"        daemon [_thread_blocked, id=28612, stack(0x000000e73f200000,0x000000e73f300000) (1024K)]
  0x000001eef0786860 JavaThread "Active Thread: Equinox Container: 332cba1f-c973-494c-9963-9f28be8c718f"        [_thread_blocked, id=28976, stack(0x000000e73fa00000,0x000000e73fb00000) (1024K)]
  0x000001eef0949770 JavaThread "Refresh Thread: Equinox Container: 332cba1f-c973-494c-9963-9f28be8c718f" daemon [_thread_blocked, id=11172, stack(0x000000e73fb00000,0x000000e73fc00000) (1024K)]
  0x000001eef0341650 JavaThread "Framework Event Dispatcher: Equinox Container: 332cba1f-c973-494c-9963-9f28be8c718f" daemon [_thread_blocked, id=5044, stack(0x000000e73fc00000,0x000000e73fd00000) (1024K)]
  0x000001eef06e4220 JavaThread "Start Level: Equinox Container: 332cba1f-c973-494c-9963-9f28be8c718f" daemon [_thread_blocked, id=17100, stack(0x000000e73fd00000,0x000000e73fe00000) (1024K)]
  0x000001eef1062860 JavaThread "Bundle File Closer"         daemon [_thread_blocked, id=2944, stack(0x000000e740000000,0x000000e740100000) (1024K)]
  0x000001eef0e5f120 JavaThread "SCR Component Actor"        daemon [_thread_blocked, id=29584, stack(0x000000e73f300000,0x000000e73f400000) (1024K)]
  0x000001eef0842df0 JavaThread "Worker-JM"                         [_thread_blocked, id=28132, stack(0x000000e740300000,0x000000e740400000) (1024K)]
  0x000001eef026bb50 JavaThread "JNA Cleaner"                daemon [_thread_blocked, id=6468, stack(0x000000e740400000,0x000000e740500000) (1024K)]
  0x000001eef026cf00 JavaThread "Worker-0"                          [_thread_blocked, id=17248, stack(0x000000e740500000,0x000000e740600000) (1024K)]
  0x000001eef026dc20 JavaThread "Java indexing"              daemon [_thread_blocked, id=32288, stack(0x000000e740700000,0x000000e740800000) (1024K)]
  0x000001eef026ae30 JavaThread "Worker-2"                          [_thread_blocked, id=8544, stack(0x000000e740a00000,0x000000e740b00000) (1024K)]
  0x000001eef026c870 JavaThread "Thread-1"                   daemon [_thread_in_native, id=12988, stack(0x000000e740c00000,0x000000e740d00000) (1024K)]
  0x000001eef026d590 JavaThread "Thread-2"                   daemon [_thread_in_native, id=24772, stack(0x000000e740d00000,0x000000e740e00000) (1024K)]
  0x000001eef026e2b0 JavaThread "Thread-3"                   daemon [_thread_in_native, id=25412, stack(0x000000e740e00000,0x000000e740f00000) (1024K)]
  0x000001eef1edb1b0 JavaThread "Thread-4"                   daemon [_thread_in_native, id=10440, stack(0x000000e740f00000,0x000000e741000000) (1024K)]
  0x000001eef1ed83c0 JavaThread "Thread-5"                   daemon [_thread_in_native, id=29824, stack(0x000000e741000000,0x000000e741100000) (1024K)]
  0x000001eef1eda490 JavaThread "Thread-6"                   daemon [_thread_in_native, id=33024, stack(0x000000e741100000,0x000000e741200000) (1024K)]
  0x000001eef1edbed0 JavaThread "Thread-7"                   daemon [_thread_in_native, id=7176, stack(0x000000e741200000,0x000000e741300000) (1024K)]
  0x000001eef1ed8a50 JavaThread "Thread-8"                   daemon [_thread_in_native, id=28092, stack(0x000000e741300000,0x000000e741400000) (1024K)]
  0x000001eef1edb840 JavaThread "Thread-9"                   daemon [_thread_in_native, id=31116, stack(0x000000e741400000,0x000000e741500000) (1024K)]
  0x000001eef1edc560 JavaThread "Thread-10"                  daemon [_thread_in_native, id=31332, stack(0x000000e741500000,0x000000e741600000) (1024K)]
  0x000001eef1ed90e0 JavaThread "Thread-11"                  daemon [_thread_in_native, id=8748, stack(0x000000e741600000,0x000000e741700000) (1024K)]
  0x000001eef1edcbf0 JavaThread "Thread-12"                  daemon [_thread_in_native, id=1980, stack(0x000000e741700000,0x000000e741800000) (1024K)]
  0x000001eef1ed9770 JavaThread "Thread-13"                  daemon [_thread_in_native, id=3352, stack(0x000000e741800000,0x000000e741900000) (1024K)]
  0x000001eef1edd280 JavaThread "pool-2-thread-1"                   [_thread_blocked, id=30852, stack(0x000000e741900000,0x000000e741a00000) (1024K)]
  0x000001eef1edab20 JavaThread "WorkspaceEventsHandler"            [_thread_blocked, id=4156, stack(0x000000e741a00000,0x000000e741b00000) (1024K)]
  0x000001eef1ed9e00 JavaThread "pool-1-thread-1"                   [_thread_in_vm, id=12864, stack(0x000000e741b00000,0x000000e741c00000) (1024K)]
  0x000001eef43e1160 JavaThread "ForkJoinPool.commonPool-worker-13" daemon [_thread_blocked, id=25528, stack(0x000000e73e100000,0x000000e73e200000) (1024K)]
  0x000001eef43dea00 JavaThread "ForkJoinPool.commonPool-worker-14" daemon [_thread_blocked, id=31456, stack(0x000000e73e200000,0x000000e73e300000) (1024K)]
Total: 40

Other Threads:
  0x000001ee91cfa940 VMThread "VM Thread"                           [id=32940, stack(0x000000e73e700000,0x000000e73e800000) (1024K)]
  0x000001eea85dca00 WatcherThread "VM Periodic Task Thread"        [id=23560, stack(0x000000e73e600000,0x000000e73e700000) (1024K)]
  0x000001ee91c78680 WorkerThread "GC Thread#0"                     [id=30084, stack(0x000000e73e500000,0x000000e73e600000) (1024K)]
  0x000001eef068ec30 WorkerThread "GC Thread#1"                     [id=32636, stack(0x000000e73f400000,0x000000e73f500000) (1024K)]
  0x000001eef07d09d0 WorkerThread "GC Thread#2"                     [id=9196, stack(0x000000e73f500000,0x000000e73f600000) (1024K)]
  0x000001eef04f0000 WorkerThread "GC Thread#3"                     [id=28728, stack(0x000000e73f600000,0x000000e73f700000) (1024K)]
  0x000001eeeae3af60 WorkerThread "GC Thread#4"                     [id=31600, stack(0x000000e73f700000,0x000000e73f800000) (1024K)]
  0x000001eeeae3b310 WorkerThread "GC Thread#5"                     [id=22628, stack(0x000000e73f800000,0x000000e73f900000) (1024K)]
  0x000001eef079b840 WorkerThread "GC Thread#6"                     [id=7744, stack(0x000000e73f900000,0x000000e73fa00000) (1024K)]
  0x000001eeeaad1ce0 WorkerThread "GC Thread#7"                     [id=15168, stack(0x000000e73f000000,0x000000e73f100000) (1024K)]
  0x000001eeeadeb5a0 WorkerThread "GC Thread#8"                     [id=31808, stack(0x000000e73fe00000,0x000000e73ff00000) (1024K)]
  0x000001eef04c0460 WorkerThread "GC Thread#9"                     [id=22444, stack(0x000000e73ff00000,0x000000e740000000) (1024K)]
Total: 12

Threads with active compile tasks:
C2 CompilerThread0  14327831 13719       4       org.eclipse.jdt.internal.compiler.parser.Parser::consumeRule (7843 bytes)
C1 CompilerThread0  14327831 13720   !   3       org.eclipse.jdt.internal.compiler.parser.Scanner::getNextToken0 (3068 bytes)
Total: 2

VM state: not at safepoint (normal execution)

VM Mutex/Monitor currently owned by a thread: None

Heap address: 0x0000000080000000, size: 2048 MB, Compressed Oops mode: 32-bit

CDS archive(s) mapped at: [0x000001eea9000000-0x000001eea9ba0000-0x000001eea9ba0000), size 12189696, SharedBaseAddress: 0x000001eea9000000, ArchiveRelocationMode: 1.
Compressed class space mapped at: 0x000001eeaa000000-0x000001eeea000000, reserved size: 1073741824
Narrow klass base: 0x000001eea9000000, Narrow klass shift: 0, Narrow klass range: 0x100000000

GC Precious Log:
 CardTable entry size: 512
 CPUs: 12 total, 12 available
 Memory: 16108M
 Large Page Support: Disabled
 NUMA Support: Disabled
 Compressed Oops: Enabled (32-bit)
 Alignments: Space 512K, Generation 512K, Heap 2M
 Heap Min Capacity: 100M
 Heap Initial Capacity: 100M
 Heap Max Capacity: 2G
 Pre-touch: Disabled
 Parallel Workers: 10

Heap:
 PSYoungGen      total 7168K, used 827K [0x00000000d5580000, 0x00000000d5d80000, 0x0000000100000000)
  eden space 6144K, 4% used [0x00000000d5580000,0x00000000d55bef70,0x00000000d5b80000)
  from space 1024K, 56% used [0x00000000d5b80000,0x00000000d5c10020,0x00000000d5c80000)
  to   space 1024K, 0% used [0x00000000d5c80000,0x00000000d5c80000,0x00000000d5d80000)
 ParOldGen       total 511488K, used 511208K [0x0000000080000000, 0x000000009f380000, 0x00000000d5580000)
  object space 511488K, 99% used [0x0000000080000000,0x000000009f33a230,0x000000009f380000)
 Metaspace       used 71179K, committed 72704K, reserved 1114112K
  class space    used 7548K, committed 8192K, reserved 1048576K

Card table byte_map: [0x000001ee91600000,0x000001ee91a10000] _byte_map_base: 0x000001ee91200000

Marking Bits: (ParMarkBitMap*) 0x00007fffdf883450
 Begin Bits: [0x000001eea4100000, 0x000001eea6100000)
 End Bits:   [0x000001eea6100000, 0x000001eea8100000)

Polling page: 0x000001ee8fbc0000

Metaspace:

Usage:
  Non-class:     62.14 MB used.
      Class:      7.37 MB used.
       Both:     69.51 MB used.

Virtual space:
  Non-class space:       64.00 MB reserved,      63.00 MB ( 98%) committed,  1 nodes.
      Class space:        1.00 GB reserved,       8.00 MB ( <1%) committed,  1 nodes.
             Both:        1.06 GB reserved,      71.00 MB (  7%) committed. 

Chunk freelists:
   Non-Class:  972.00 KB
       Class:  7.94 MB
        Both:  8.89 MB

MaxMetaspaceSize: unlimited
CompressedClassSpaceSize: 1.00 GB
Initial GC threshold: 21.00 MB
Current GC threshold: 97.31 MB
CDS: on
 - commit_granule_bytes: 65536.
 - commit_granule_words: 8192.
 - virtual_space_node_default_size: 8388608.
 - enlarge_chunks_in_place: 1.
 - use_allocation_guard: 0.


Internal statistics:

num_allocs_failed_limit: 9.
num_arena_births: 1328.
num_arena_deaths: 22.
num_vsnodes_births: 2.
num_vsnodes_deaths: 0.
num_space_committed: 1136.
num_space_uncommitted: 0.
num_chunks_returned_to_freelist: 35.
num_chunks_taken_from_freelist: 4436.
num_chunk_merges: 13.
num_chunk_splits: 2748.
num_chunks_enlarged: 1612.
num_inconsistent_stats: 0.

CodeHeap 'non-profiled nmethods': size=120000Kb used=10655Kb max_used=10655Kb free=109344Kb
 bounds [0x000001ee9c920000, 0x000001ee9d390000, 0x000001eea3e50000]
CodeHeap 'profiled nmethods': size=120000Kb used=29167Kb max_used=29167Kb free=90832Kb
 bounds [0x000001ee94e50000, 0x000001ee96ad0000, 0x000001ee9c380000]
CodeHeap 'non-nmethods': size=5760Kb used=1476Kb max_used=1529Kb free=4283Kb
 bounds [0x000001ee9c380000, 0x000001ee9c5f0000, 0x000001ee9c920000]
CodeCache: size=245760Kb, used=41298Kb, max_used=41351Kb, free=204459Kb
 total_blobs=13674, nmethods=12880, adapters=699, full_count=0
Compilation: enabled, stopped_count=0, restarted_count=0

Compilation events (20 events):
Event: 14324.723 Thread 0x000001eeeaae46d0 13710       3       com.google.gson.internal.bind.ReflectiveTypeAdapterFactory$2::readIntoField (93 bytes)
Event: 14324.725 Thread 0x000001eeeaae46d0 nmethod 13710 0x000001ee96ac2310 code [0x000001ee96ac2620, 0x000001ee96ac3380]
Event: 14324.726 Thread 0x000001eeeaae46d0 13711       3       java.util.regex.Pattern::newSlice (181 bytes)
Event: 14324.728 Thread 0x000001eeeaae46d0 nmethod 13711 0x000001ee96ac3890 code [0x000001ee96ac3be0, 0x000001ee96ac5060]
Event: 14324.728 Thread 0x000001eeeaae46d0 13712       3       java.util.regex.Pattern::atom (422 bytes)
Event: 14324.730 Thread 0x000001eeeaae46d0 nmethod 13712 0x000001ee96ac5810 code [0x000001ee96ac5ba0, 0x000001ee96ac7190]
Event: 14324.730 Thread 0x000001eeeaae46d0 13713       3       org.eclipse.core.internal.resources.Resource::getParent (79 bytes)
Event: 14324.731 Thread 0x000001eeeaae46d0 nmethod 13713 0x000001ee96ac7890 code [0x000001ee96ac7ae0, 0x000001ee96ac82d0]
Event: 14324.731 Thread 0x000001eeeaae46d0 13714       3       java.util.Hashtable$Enumerator::nextElement (111 bytes)
Event: 14324.732 Thread 0x000001eeeaae46d0 nmethod 13714 0x000001ee96ac8690 code [0x000001ee96ac8860, 0x000001ee96ac8c88]
Event: 14324.738 Thread 0x000001eeeaacbe40 13715       4       java.util.Optional::orElse (16 bytes)
Event: 14324.738 Thread 0x000001eeeaae46d0 13716   !   3       org.eclipse.core.internal.resources.ProjectPathVariableManager::resolveURI (170 bytes)
Event: 14324.739 Thread 0x000001eeeaae46d0 nmethod 13716 0x000001ee96ac8e10 code [0x000001ee96ac9160, 0x000001ee96aca2d8]
Event: 14324.740 Thread 0x000001eeeaacbe40 nmethod 13715 0x000001ee9d387790 code [0x000001ee9d387920, 0x000001ee9d3879b8]
Event: 14324.741 Thread 0x000001eeeaacbe40 13717       4       org.eclipse.jdt.internal.compiler.impl.IrritantSet::clear (22 bytes)
Event: 14324.746 Thread 0x000001eeeaacbe40 nmethod 13717 0x000001ee9d387a90 code [0x000001ee9d387c20, 0x000001ee9d387d08]
Event: 14324.747 Thread 0x000001eeeaae46d0 13718       3       org.eclipse.jdt.internal.compiler.parser.Scanner::scanIdentifierOrKeyword (277 bytes)
Event: 14324.747 Thread 0x000001eeeaacbe40 13719       4       org.eclipse.jdt.internal.compiler.parser.Parser::consumeRule (7843 bytes)
Event: 14324.748 Thread 0x000001eeeaae46d0 nmethod 13718 0x000001ee96acaa90 code [0x000001ee96acad20, 0x000001ee96acb990]
Event: 14324.748 Thread 0x000001eeeaae46d0 13720   !   3       org.eclipse.jdt.internal.compiler.parser.Scanner::getNextToken0 (3068 bytes)

GC Heap History (20 events):
Event: 2894.151 GC heap before
{Heap before GC invocations=784 (full 3):
 PSYoungGen      total 6656K, used 6528K [0x00000000d5580000, 0x00000000d5d00000, 0x0000000100000000)
  eden space 6144K, 100% used [0x00000000d5580000,0x00000000d5b80000,0x00000000d5b80000)
  from space 512K, 75% used [0x00000000d5c80000,0x00000000d5ce0000,0x00000000d5d00000)
  to   space 512K, 0% used [0x00000000d5c00000,0x00000000d5c00000,0x00000000d5c80000)
 ParOldGen       total 506368K, used 506079K [0x0000000080000000, 0x000000009ee80000, 0x00000000d5580000)
  object space 506368K, 99% used [0x0000000080000000,0x000000009ee37fe0,0x000000009ee80000)
 Metaspace       used 69009K, committed 70464K, reserved 1114112K
  class space    used 7349K, committed 8000K, reserved 1048576K
}
Event: 2894.152 GC heap after
{Heap after GC invocations=784 (full 3):
 PSYoungGen      total 6656K, used 383K [0x00000000d5580000, 0x00000000d5d00000, 0x0000000100000000)
  eden space 6144K, 0% used [0x00000000d5580000,0x00000000d5580000,0x00000000d5b80000)
  from space 512K, 74% used [0x00000000d5c00000,0x00000000d5c5ff70,0x00000000d5c80000)
  to   space 512K, 0% used [0x00000000d5c80000,0x00000000d5c80000,0x00000000d5d00000)
 ParOldGen       total 506368K, used 506247K [0x0000000080000000, 0x000000009ee80000, 0x00000000d5580000)
  object space 506368K, 99% used [0x0000000080000000,0x000000009ee61c90,0x000000009ee80000)
 Metaspace       used 69009K, committed 70464K, reserved 1114112K
  class space    used 7349K, committed 8000K, reserved 1048576K
}
Event: 2894.232 GC heap before
{Heap before GC invocations=785 (full 3):
 PSYoungGen      total 6656K, used 6527K [0x00000000d5580000, 0x00000000d5d00000, 0x0000000100000000)
  eden space 6144K, 100% used [0x00000000d5580000,0x00000000d5b80000,0x00000000d5b80000)
  from space 512K, 74% used [0x00000000d5c00000,0x00000000d5c5ff70,0x00000000d5c80000)
  to   space 512K, 0% used [0x00000000d5c80000,0x00000000d5c80000,0x00000000d5d00000)
 ParOldGen       total 506368K, used 506247K [0x0000000080000000, 0x000000009ee80000, 0x00000000d5580000)
  object space 506368K, 99% used [0x0000000080000000,0x000000009ee61c90,0x000000009ee80000)
 Metaspace       used 69336K, committed 70784K, reserved 1114112K
  class space    used 7399K, committed 8064K, reserved 1048576K
}
Event: 2894.235 GC heap after
{Heap after GC invocations=785 (full 3):
 PSYoungGen      total 6656K, used 506K [0x00000000d5580000, 0x00000000d5d80000, 0x0000000100000000)
  eden space 6144K, 0% used [0x00000000d5580000,0x00000000d5580000,0x00000000d5b80000)
  from space 512K, 98% used [0x00000000d5c80000,0x00000000d5cfeaa0,0x00000000d5d00000)
  to   space 1024K, 0% used [0x00000000d5b80000,0x00000000d5b80000,0x00000000d5c80000)
 ParOldGen       total 506880K, used 506555K [0x0000000080000000, 0x000000009ef00000, 0x00000000d5580000)
  object space 506880K, 99% used [0x0000000080000000,0x000000009eeaec20,0x000000009ef00000)
 Metaspace       used 69336K, committed 70784K, reserved 1114112K
  class space    used 7399K, committed 8064K, reserved 1048576K
}
Event: 2894.287 GC heap before
{Heap before GC invocations=786 (full 3):
 PSYoungGen      total 6656K, used 6650K [0x00000000d5580000, 0x00000000d5d80000, 0x0000000100000000)
  eden space 6144K, 100% used [0x00000000d5580000,0x00000000d5b80000,0x00000000d5b80000)
  from space 512K, 98% used [0x00000000d5c80000,0x00000000d5cfeaa0,0x00000000d5d00000)
  to   space 1024K, 0% used [0x00000000d5b80000,0x00000000d5b80000,0x00000000d5c80000)
 ParOldGen       total 506880K, used 506555K [0x0000000080000000, 0x000000009ef00000, 0x00000000d5580000)
  object space 506880K, 99% used [0x0000000080000000,0x000000009eeaec20,0x000000009ef00000)
 Metaspace       used 69513K, committed 70976K, reserved 1114112K
  class space    used 7416K, committed 8064K, reserved 1048576K
}
Event: 2894.289 GC heap after
{Heap after GC invocations=786 (full 3):
 PSYoungGen      total 7168K, used 720K [0x00000000d5580000, 0x00000000d5d80000, 0x0000000100000000)
  eden space 6144K, 0% used [0x00000000d5580000,0x00000000d5580000,0x00000000d5b80000)
  from space 1024K, 70% used [0x00000000d5b80000,0x00000000d5c34010,0x00000000d5c80000)
  to   space 1024K, 0% used [0x00000000d5c80000,0x00000000d5c80000,0x00000000d5d80000)
 ParOldGen       total 507392K, used 507002K [0x0000000080000000, 0x000000009ef80000, 0x00000000d5580000)
  object space 507392K, 99% used [0x0000000080000000,0x000000009ef1ea00,0x000000009ef80000)
 Metaspace       used 69513K, committed 70976K, reserved 1114112K
  class space    used 7416K, committed 8064K, reserved 1048576K
}
Event: 2894.328 GC heap before
{Heap before GC invocations=787 (full 3):
 PSYoungGen      total 7168K, used 6864K [0x00000000d5580000, 0x00000000d5d80000, 0x0000000100000000)
  eden space 6144K, 100% used [0x00000000d5580000,0x00000000d5b80000,0x00000000d5b80000)
  from space 1024K, 70% used [0x00000000d5b80000,0x00000000d5c34010,0x00000000d5c80000)
  to   space 1024K, 0% used [0x00000000d5c80000,0x00000000d5c80000,0x00000000d5d80000)
 ParOldGen       total 507392K, used 507002K [0x0000000080000000, 0x000000009ef80000, 0x00000000d5580000)
  object space 507392K, 99% used [0x0000000080000000,0x000000009ef1ea00,0x000000009ef80000)
 Metaspace       used 69622K, committed 71040K, reserved 1114112K
  class space    used 7417K, committed 8064K, reserved 1048576K
}
Event: 2894.330 GC heap after
{Heap after GC invocations=787 (full 3):
 PSYoungGen      total 7168K, used 480K [0x00000000d5580000, 0x00000000d5d80000, 0x0000000100000000)
  eden space 6144K, 0% used [0x00000000d5580000,0x00000000d5580000,0x00000000d5b80000)
  from space 1024K, 46% used [0x00000000d5c80000,0x00000000d5cf8000,0x00000000d5d80000)
  to   space 1024K, 0% used [0x00000000d5b80000,0x00000000d5b80000,0x00000000d5c80000)
 ParOldGen       total 507904K, used 507564K [0x0000000080000000, 0x000000009f000000, 0x00000000d5580000)
  object space 507904K, 99% used [0x0000000080000000,0x000000009efab0a0,0x000000009f000000)
 Metaspace       used 69622K, committed 71040K, reserved 1114112K
  class space    used 7417K, committed 8064K, reserved 1048576K
}
Event: 2894.357 GC heap before
{Heap before GC invocations=788 (full 3):
 PSYoungGen      total 7168K, used 6624K [0x00000000d5580000, 0x00000000d5d80000, 0x0000000100000000)
  eden space 6144K, 100% used [0x00000000d5580000,0x00000000d5b80000,0x00000000d5b80000)
  from space 1024K, 46% used [0x00000000d5c80000,0x00000000d5cf8000,0x00000000d5d80000)
  to   space 1024K, 0% used [0x00000000d5b80000,0x00000000d5b80000,0x00000000d5c80000)
 ParOldGen       total 507904K, used 507564K [0x0000000080000000, 0x000000009f000000, 0x00000000d5580000)
  object space 507904K, 99% used [0x0000000080000000,0x000000009efab0a0,0x000000009f000000)
 Metaspace       used 69653K, committed 71104K, reserved 1114112K
  class space    used 7418K, committed 8064K, reserved 1048576K
}
Event: 2894.359 GC heap after
{Heap after GC invocations=788 (full 3):
 PSYoungGen      total 7168K, used 480K [0x00000000d5580000, 0x00000000d5d00000, 0x0000000100000000)
  eden space 6144K, 0% used [0x00000000d5580000,0x00000000d5580000,0x00000000d5b80000)
  from space 1024K, 46% used [0x00000000d5b80000,0x00000000d5bf8000,0x00000000d5c80000)
  to   space 512K, 0% used [0x00000000d5c80000,0x00000000d5c80000,0x00000000d5d00000)
 ParOldGen       total 508416K, used 507948K [0x0000000080000000, 0x000000009f080000, 0x00000000d5580000)
  object space 508416K, 99% used [0x0000000080000000,0x000000009f00b0a0,0x000000009f080000)
 Metaspace       used 69653K, committed 71104K, reserved 1114112K
  class space    used 7418K, committed 8064K, reserved 1048576K
}
Event: 2894.423 GC heap before
{Heap before GC invocations=789 (full 3):
 PSYoungGen      total 7168K, used 6624K [0x00000000d5580000, 0x00000000d5d00000, 0x0000000100000000)
  eden space 6144K, 100% used [0x00000000d5580000,0x00000000d5b80000,0x00000000d5b80000)
  from space 1024K, 46% used [0x00000000d5b80000,0x00000000d5bf8000,0x00000000d5c80000)
  to   space 512K, 0% used [0x00000000d5c80000,0x00000000d5c80000,0x00000000d5d00000)
 ParOldGen       total 508416K, used 507948K [0x0000000080000000, 0x000000009f080000, 0x00000000d5580000)
  object space 508416K, 99% used [0x0000000080000000,0x000000009f00b0a0,0x000000009f080000)
 Metaspace       used 70045K, committed 71552K, reserved 1114112K
  class space    used 7451K, committed 8128K, reserved 1048576K
}
Event: 2894.425 GC heap after
{Heap after GC invocations=789 (full 3):
 PSYoungGen      total 6656K, used 416K [0x00000000d5580000, 0x00000000d5d00000, 0x0000000100000000)
  eden space 6144K, 0% used [0x00000000d5580000,0x00000000d5580000,0x00000000d5b80000)
  from space 512K, 81% used [0x00000000d5c80000,0x00000000d5ce8000,0x00000000d5d00000)
  to   space 512K, 0% used [0x00000000d5c00000,0x00000000d5c00000,0x00000000d5c80000)
 ParOldGen       total 508416K, used 508292K [0x0000000080000000, 0x000000009f080000, 0x00000000d5580000)
  object space 508416K, 99% used [0x0000000080000000,0x000000009f0610b0,0x000000009f080000)
 Metaspace       used 70045K, committed 71552K, reserved 1114112K
  class space    used 7451K, committed 8128K, reserved 1048576K
}
Event: 2894.480 GC heap before
{Heap before GC invocations=790 (full 3):
 PSYoungGen      total 6656K, used 6560K [0x00000000d5580000, 0x00000000d5d00000, 0x0000000100000000)
  eden space 6144K, 100% used [0x00000000d5580000,0x00000000d5b80000,0x00000000d5b80000)
  from space 512K, 81% used [0x00000000d5c80000,0x00000000d5ce8000,0x00000000d5d00000)
  to   space 512K, 0% used [0x00000000d5c00000,0x00000000d5c00000,0x00000000d5c80000)
 ParOldGen       total 508416K, used 508292K [0x0000000080000000, 0x000000009f080000, 0x00000000d5580000)
  object space 508416K, 99% used [0x0000000080000000,0x000000009f0610b0,0x000000009f080000)
 Metaspace       used 70209K, committed 71680K, reserved 1114112K
  class space    used 7460K, committed 8128K, reserved 1048576K
}
Event: 2894.483 GC heap after
{Heap after GC invocations=790 (full 3):
 PSYoungGen      total 6656K, used 512K [0x00000000d5580000, 0x00000000d5e80000, 0x0000000100000000)
  eden space 6144K, 0% used [0x00000000d5580000,0x00000000d5580000,0x00000000d5b80000)
  from space 512K, 100% used [0x00000000d5c00000,0x00000000d5c80000,0x00000000d5c80000)
  to   space 1536K, 0% used [0x00000000d5d00000,0x00000000d5d00000,0x00000000d5e80000)
 ParOldGen       total 508928K, used 508892K [0x0000000080000000, 0x000000009f100000, 0x00000000d5580000)
  object space 508928K, 99% used [0x0000000080000000,0x000000009f0f70b0,0x000000009f100000)
 Metaspace       used 70209K, committed 71680K, reserved 1114112K
  class space    used 7460K, committed 8128K, reserved 1048576K
}
Event: 2894.616 GC heap before
{Heap before GC invocations=791 (full 3):
 PSYoungGen      total 6656K, used 6656K [0x00000000d5580000, 0x00000000d5e80000, 0x0000000100000000)
  eden space 6144K, 100% used [0x00000000d5580000,0x00000000d5b80000,0x00000000d5b80000)
  from space 512K, 100% used [0x00000000d5c00000,0x00000000d5c80000,0x00000000d5c80000)
  to   space 1536K, 0% used [0x00000000d5d00000,0x00000000d5d00000,0x00000000d5e80000)
 ParOldGen       total 508928K, used 508892K [0x0000000080000000, 0x000000009f100000, 0x00000000d5580000)
  object space 508928K, 99% used [0x0000000080000000,0x000000009f0f70b0,0x000000009f100000)
 Metaspace       used 70477K, committed 72000K, reserved 1114112K
  class space    used 7493K, committed 8128K, reserved 1048576K
}
Event: 2894.617 GC heap after
{Heap after GC invocations=791 (full 3):
 PSYoungGen      total 7168K, used 672K [0x00000000d5580000, 0x00000000d5e00000, 0x0000000100000000)
  eden space 6144K, 0% used [0x00000000d5580000,0x00000000d5580000,0x00000000d5b80000)
  from space 1024K, 65% used [0x00000000d5d00000,0x00000000d5da8000,0x00000000d5e00000)
  to   space 1024K, 0% used [0x00000000d5c00000,0x00000000d5c00000,0x00000000d5d00000)
 ParOldGen       total 509952K, used 509453K [0x0000000080000000, 0x000000009f200000, 0x00000000d5580000)
  object space 509952K, 99% used [0x0000000080000000,0x000000009f183770,0x000000009f200000)
 Metaspace       used 70477K, committed 72000K, reserved 1114112K
  class space    used 7493K, committed 8128K, reserved 1048576K
}
Event: 2894.668 GC heap before
{Heap before GC invocations=792 (full 3):
 PSYoungGen      total 7168K, used 6816K [0x00000000d5580000, 0x00000000d5e00000, 0x0000000100000000)
  eden space 6144K, 100% used [0x00000000d5580000,0x00000000d5b80000,0x00000000d5b80000)
  from space 1024K, 65% used [0x00000000d5d00000,0x00000000d5da8000,0x00000000d5e00000)
  to   space 1024K, 0% used [0x00000000d5c00000,0x00000000d5c00000,0x00000000d5d00000)
 ParOldGen       total 509952K, used 509453K [0x0000000080000000, 0x000000009f200000, 0x00000000d5580000)
  object space 509952K, 99% used [0x0000000080000000,0x000000009f183770,0x000000009f200000)
 Metaspace       used 70637K, committed 72256K, reserved 1114112K
  class space    used 7505K, committed 8192K, reserved 1048576K
}
Event: 2894.670 GC heap after
{Heap after GC invocations=792 (full 3):
 PSYoungGen      total 7168K, used 900K [0x00000000d5580000, 0x00000000d5d80000, 0x0000000100000000)
  eden space 6144K, 0% used [0x00000000d5580000,0x00000000d5580000,0x00000000d5b80000)
  from space 1024K, 87% used [0x00000000d5c00000,0x00000000d5ce13d0,0x00000000d5d00000)
  to   space 512K, 0% used [0x00000000d5d00000,0x00000000d5d00000,0x00000000d5d80000)
 ParOldGen       total 509952K, used 509945K [0x0000000080000000, 0x000000009f200000, 0x00000000d5580000)
  object space 509952K, 99% used [0x0000000080000000,0x000000009f1fe560,0x000000009f200000)
 Metaspace       used 70637K, committed 72256K, reserved 1114112K
  class space    used 7505K, committed 8192K, reserved 1048576K
}
Event: 2894.722 GC heap before
{Heap before GC invocations=793 (full 3):
 PSYoungGen      total 7168K, used 7044K [0x00000000d5580000, 0x00000000d5d80000, 0x0000000100000000)
  eden space 6144K, 100% used [0x00000000d5580000,0x00000000d5b80000,0x00000000d5b80000)
  from space 1024K, 87% used [0x00000000d5c00000,0x00000000d5ce13d0,0x00000000d5d00000)
  to   space 512K, 0% used [0x00000000d5d00000,0x00000000d5d00000,0x00000000d5d80000)
 ParOldGen       total 509952K, used 509945K [0x0000000080000000, 0x000000009f200000, 0x00000000d5580000)
  object space 509952K, 99% used [0x0000000080000000,0x000000009f1fe560,0x000000009f200000)
 Metaspace       used 70741K, committed 72320K, reserved 1114112K
  class space    used 7505K, committed 8192K, reserved 1048576K
}
Event: 2894.724 GC heap after
{Heap after GC invocations=793 (full 3):
 PSYoungGen      total 6656K, used 512K [0x00000000d5580000, 0x00000000d5e80000, 0x0000000100000000)
  eden space 6144K, 0% used [0x00000000d5580000,0x00000000d5580000,0x00000000d5b80000)
  from space 512K, 100% used [0x00000000d5d00000,0x00000000d5d80000,0x00000000d5d80000)
  to   space 1536K, 0% used [0x00000000d5b80000,0x00000000d5b80000,0x00000000d5d00000)
 ParOldGen       total 510976K, used 510768K [0x0000000080000000, 0x000000009f300000, 0x00000000d5580000)
  object space 510976K, 99% used [0x0000000080000000,0x000000009f2cc230,0x000000009f300000)
 Metaspace       used 70741K, committed 72320K, reserved 1114112K
  class space    used 7505K, committed 8192K, reserved 1048576K
}

Dll operation events (12 events):
Event: 0.056 Loaded shared library c:\Users\tiany\.vscode\extensions\redhat.java-1.54.0-win32-x64\jre\21.0.10-win32-x86_64\bin\java.dll
Event: 0.088 Loaded shared library c:\Users\tiany\.vscode\extensions\redhat.java-1.54.0-win32-x64\jre\21.0.10-win32-x86_64\bin\zip.dll
Event: 0.173 Loaded shared library C:\Users\tiany\.vscode\extensions\redhat.java-1.54.0-win32-x64\jre\21.0.10-win32-x86_64\bin\instrument.dll
Event: 0.180 Loaded shared library C:\Users\tiany\.vscode\extensions\redhat.java-1.54.0-win32-x64\jre\21.0.10-win32-x86_64\bin\net.dll
Event: 0.184 Loaded shared library C:\Users\tiany\.vscode\extensions\redhat.java-1.54.0-win32-x64\jre\21.0.10-win32-x86_64\bin\nio.dll
Event: 0.188 Loaded shared library C:\Users\tiany\.vscode\extensions\redhat.java-1.54.0-win32-x64\jre\21.0.10-win32-x86_64\bin\zip.dll
Event: 0.211 Loaded shared library C:\Users\tiany\.vscode\extensions\redhat.java-1.54.0-win32-x64\jre\21.0.10-win32-x86_64\bin\jimage.dll
Event: 0.289 Loaded shared library c:\Users\tiany\.vscode\extensions\redhat.java-1.54.0-win32-x64\jre\21.0.10-win32-x86_64\bin\verify.dll
Event: 15.916 Loaded shared library C:\Users\tiany\AppData\Roaming\Code\User\globalStorage\redhat.java\1.54.0\config_win\org.eclipse.equinox.launcher\org.eclipse.equinox.launcher.win32.win32.x86_64_1.3.0.v20260203-2149\eclipse_11919.dll
Event: 33.402 Loaded shared library C:\Users\tiany\AppData\Local\Temp\jna-110122185\jna12640108571156120346.dll
Event: 34.838 Loaded shared library C:\Users\tiany\.vscode\extensions\redhat.java-1.54.0-win32-x64\jre\21.0.10-win32-x86_64\bin\sunmscapi.dll
Event: 35.027 Loaded shared library C:\Users\tiany\.vscode\extensions\redhat.java-1.54.0-win32-x64\jre\21.0.10-win32-x86_64\bin\extnet.dll

Deoptimization events (20 events):
Event: 14324.745 Thread 0x000001eef1ed9e00 Uncommon trap: trap_request=0xffffffde fr.pc=0x000001ee9d306c38 relative=0x0000000000000738
Event: 14324.745 Thread 0x000001eef1ed9e00 Uncommon trap: reason=class_check action=maybe_recompile pc=0x000001ee9d306c38 method=org.eclipse.jdt.internal.compiler.parser.Parser.consumeRule(I)V @ 4137 c2
Event: 14324.745 Thread 0x000001eef1ed9e00 DEOPT PACKING pc=0x000001ee9d306c38 sp=0x000000e741bfe030
Event: 14324.745 Thread 0x000001eef1ed9e00 DEOPT UNPACKING pc=0x000001ee9c3d3aa2 sp=0x000000e741bfdfd0 mode 2
Event: 14324.746 Thread 0x000001eef1ed9e00 Uncommon trap: trap_request=0xffffffde fr.pc=0x000001ee9d307294 relative=0x0000000000000d94
Event: 14324.746 Thread 0x000001eef1ed9e00 Uncommon trap: reason=class_check action=maybe_recompile pc=0x000001ee9d307294 method=org.eclipse.jdt.internal.compiler.parser.Parser.consumeRule(I)V @ 4200 c2
Event: 14324.746 Thread 0x000001eef1ed9e00 DEOPT PACKING pc=0x000001ee9d307294 sp=0x000000e741bfe030
Event: 14324.746 Thread 0x000001eef1ed9e00 DEOPT UNPACKING pc=0x000001ee9c3d3aa2 sp=0x000000e741bfdfd0 mode 2
Event: 14324.747 Thread 0x000001eef1ed9e00 Uncommon trap: trap_request=0xffffffde fr.pc=0x000001ee9d307260 relative=0x0000000000000d60
Event: 14324.747 Thread 0x000001eef1ed9e00 Uncommon trap: reason=class_check action=maybe_recompile pc=0x000001ee9d307260 method=org.eclipse.jdt.internal.compiler.parser.Parser.consumeRule(I)V @ 4186 c2
Event: 14324.747 Thread 0x000001eef1ed9e00 DEOPT PACKING pc=0x000001ee9d307260 sp=0x000000e741bfe030
Event: 14324.747 Thread 0x000001eef1ed9e00 DEOPT UNPACKING pc=0x000001ee9c3d3aa2 sp=0x000000e741bfdfd0 mode 2
Event: 14324.747 Thread 0x000001eef1ed9e00 Uncommon trap: trap_request=0xffffffde fr.pc=0x000001ee9d306e98 relative=0x0000000000000998
Event: 14324.747 Thread 0x000001eef1ed9e00 Uncommon trap: reason=class_check action=maybe_recompile pc=0x000001ee9d306e98 method=org.eclipse.jdt.internal.compiler.parser.Parser.consumeRule(I)V @ 4312 c2
Event: 14324.747 Thread 0x000001eef1ed9e00 DEOPT PACKING pc=0x000001ee9d306e98 sp=0x000000e741bfe030
Event: 14324.747 Thread 0x000001eef1ed9e00 DEOPT UNPACKING pc=0x000001ee9c3d3aa2 sp=0x000000e741bfdfd0 mode 2
Event: 14324.747 Thread 0x000001eef1ed9e00 Uncommon trap: trap_request=0xffffffde fr.pc=0x000001ee9d306e98 relative=0x0000000000000998
Event: 14324.747 Thread 0x000001eef1ed9e00 Uncommon trap: reason=class_check action=maybe_recompile pc=0x000001ee9d306e98 method=org.eclipse.jdt.internal.compiler.parser.Parser.consumeRule(I)V @ 4312 c2
Event: 14324.747 Thread 0x000001eef1ed9e00 DEOPT PACKING pc=0x000001ee9d306e98 sp=0x000000e741bfe030
Event: 14324.747 Thread 0x000001eef1ed9e00 DEOPT UNPACKING pc=0x000001ee9c3d3aa2 sp=0x000000e741bfdfd0 mode 2

Classes loaded (20 events):
Event: 2879.684 Loading class java/util/stream/ReferencePipeline$4
Event: 2879.684 Loading class java/util/stream/ReferencePipeline$4 done
Event: 2879.684 Loading class java/util/stream/Nodes$IntFixedNodeBuilder
Event: 2879.685 Loading class java/util/stream/Node$Builder$OfInt
Event: 2879.685 Loading class java/util/stream/Node$Builder$OfInt done
Event: 2879.685 Loading class java/util/stream/Nodes$IntArrayNode
Event: 2879.685 Loading class java/util/stream/Nodes$IntArrayNode done
Event: 2879.685 Loading class java/util/stream/Nodes$IntFixedNodeBuilder done
Event: 2879.685 Loading class java/util/stream/ReferencePipeline$4$1
Event: 2879.685 Loading class java/util/stream/ReferencePipeline$4$1 done
Event: 2879.720 Loading class java/util/Hashtable$ValueCollection
Event: 2879.720 Loading class java/util/Hashtable$ValueCollection done
Event: 2894.209 Loading class java/util/stream/ReduceOps$4
Event: 2894.209 Loading class java/util/stream/ReduceOps$4 done
Event: 2894.209 Loading class java/util/stream/ReduceOps$4ReducingSink
Event: 2894.210 Loading class java/util/stream/ReduceOps$4ReducingSink done
Event: 2894.746 Loading class java/lang/Throwable$WrappedPrintWriter
Event: 2894.746 Loading class java/lang/Throwable$PrintStreamOrWriter
Event: 2894.746 Loading class java/lang/Throwable$PrintStreamOrWriter done
Event: 2894.746 Loading class java/lang/Throwable$WrappedPrintWriter done

Classes unloaded (11 events):
Event: 33.753 Thread 0x000001ee91cfa940 Unloading class 0x000001eeaa1a5400 'java/lang/invoke/LambdaForm$MH+0x000001eeaa1a5400'
Event: 33.753 Thread 0x000001ee91cfa940 Unloading class 0x000001eeaa1a5000 'java/lang/invoke/LambdaForm$MH+0x000001eeaa1a5000'
Event: 33.753 Thread 0x000001ee91cfa940 Unloading class 0x000001eeaa1a4c00 'java/lang/invoke/LambdaForm$MH+0x000001eeaa1a4c00'
Event: 33.753 Thread 0x000001ee91cfa940 Unloading class 0x000001eeaa1a4800 'java/lang/invoke/LambdaForm$MH+0x000001eeaa1a4800'
Event: 33.753 Thread 0x000001ee91cfa940 Unloading class 0x000001eeaa1a4400 'java/lang/invoke/LambdaForm$BMH+0x000001eeaa1a4400'
Event: 33.753 Thread 0x000001ee91cfa940 Unloading class 0x000001eeaa1a4000 'java/lang/invoke/LambdaForm$DMH+0x000001eeaa1a4000'
Event: 33.753 Thread 0x000001ee91cfa940 Unloading class 0x000001eeaa1a3000 'java/lang/invoke/LambdaForm$DMH+0x000001eeaa1a3000'
Event: 59.296 Thread 0x000001ee91cfa940 Unloading class 0x000001eeaa6c1400 'java/lang/invoke/LambdaForm$DMH+0x000001eeaa6c1400'
Event: 59.296 Thread 0x000001ee91cfa940 Unloading class 0x000001eeaa6c0c00 'java/lang/invoke/LambdaForm$DMH+0x000001eeaa6c0c00'
Event: 59.296 Thread 0x000001ee91cfa940 Unloading class 0x000001eeaa6c1000 'java/lang/invoke/LambdaForm$DMH+0x000001eeaa6c1000'
Event: 59.296 Thread 0x000001ee91cfa940 Unloading class 0x000001eeaa6c0800 'java/lang/invoke/LambdaForm$DMH+0x000001eeaa6c0800'

Classes redefined (0 events):
No events

Internal exceptions (20 events):
Event: 62.707 Thread 0x000001eef026dc20 Exception <a 'sun/nio/fs/WindowsException'{0x00000000d579f060}> (0x00000000d579f060) 
thrown [s\src\hotspot\share\prims\jni.cpp, line 520]
Event: 62.762 Thread 0x000001eef026dc20 Implicit null exception at 0x000001ee9cef9359 to 0x000001ee9cefb4a0
Event: 62.869 Thread 0x000001eef026b4c0 Implicit null exception at 0x000001ee9cd78506 to 0x000001ee9cd78631
Event: 62.931 Thread 0x000001eef026b4c0 Implicit null exception at 0x000001ee9cd1ea21 to 0x000001ee9cd1ed34
Event: 65.603 Thread 0x000001eef026dc20 Exception <a 'sun/nio/fs/WindowsException'{0x00000000d5610d00}> (0x00000000d5610d00) 
thrown [s\src\hotspot\share\prims\jni.cpp, line 520]
Event: 65.604 Thread 0x000001eef026dc20 Implicit null exception at 0x000001ee9d138109 to 0x000001ee9d13c01c
Event: 65.733 Thread 0x000001eef3fd4890 Implicit null exception at 0x000001ee9c9ae403 to 0x000001ee9c9af084
Event: 355.808 Thread 0x000001eef026ae30 Exception <a 'sun/nio/fs/WindowsException'{0x00000000d55ccff0}> (0x00000000d55ccff0) 
thrown [s\src\hotspot\share\prims\jni.cpp, line 520]
Event: 355.808 Thread 0x000001eef026ae30 Exception <a 'sun/nio/fs/WindowsException'{0x00000000d55cdba0}> (0x00000000d55cdba0) 
thrown [s\src\hotspot\share\prims\jni.cpp, line 520]
Event: 355.808 Thread 0x000001eef026ae30 Implicit null exception at 0x000001ee9cd87706 to 0x000001ee9cd87964
Event: 355.822 Thread 0x000001eef026ae30 Exception <a 'java/lang/NoSuchMethodError'{0x00000000d567ff48}: static [J.<clinit>()V> (0x00000000d567ff48) 
thrown [s\src\hotspot\share\prims\jni.cpp, line 1111]
Event: 2879.084 Thread 0x000001eef1ed9e00 Implicit null exception at 0x000001ee9d1da6a3 to 0x000001ee9d1db340
Event: 2879.125 Thread 0x000001eef1ed9e00 Exception <a 'java/lang/NoSuchMethodError'{0x00000000d57281c0}: 'java.lang.Object java.lang.invoke.Invokers$Holder.linkToTargetMethod(java.lang.Object, java.lang.Object, java.lang.Object, int, java.lang.Object, java.lang.Object, java.lang.Object)'> (0x00000000d57281c0) 
thrown [s\src\hotspot\share\interpreter\linkResolver.cpp, line 773]
Event: 2879.138 Thread 0x000001eef1ed9e00 Exception <a 'java/io/FileNotFoundException'{0x00000000d55bb000}> (0x00000000d55bb000) 
thrown [s\src\hotspot\share\prims\jni.cpp, line 520]
Event: 2879.138 Thread 0x000001eef1ed9e00 Exception <a 'java/io/FileNotFoundException'{0x00000000d55bc448}> (0x00000000d55bc448) 
thrown [s\src\hotspot\share\prims\jni.cpp, line 520]
Event: 2879.701 Thread 0x000001eef1ed9e00 Implicit null exception at 0x000001ee9d033d27 to 0x000001ee9d0340bc
Event: 2880.141 Thread 0x000001eef026cf00 Exception <a 'java/lang/NoSuchMethodError'{0x00000000d563be48}: 'java.lang.Object java.lang.invoke.DirectMethodHandle$Holder.invokeSpecial(java.lang.Object, java.lang.Object, int, long)'> (0x00000000d563be48) 
thrown [s\src\hotspot\share\interpreter\linkResolver.cpp, line 773]
Event: 2894.211 Thread 0x000001eef026cf00 Exception <a 'java/lang/NoSuchMethodError'{0x00000000d5977ac8}: 'int java.lang.invoke.DirectMethodHandle$Holder.invokeSpecialIFC(java.lang.Object, java.lang.Object, java.lang.Object)'> (0x00000000d5977ac8) 
thrown [s\src\hotspot\share\interpreter\linkResolver.cpp, line 773]
Event: 2894.471 Thread 0x000001eef026cf00 Exception <a 'java/lang/NoSuchMethodError'{0x00000000d59b2280}: 'void java.lang.invoke.DirectMethodHandle$Holder.invokeVirtual(java.lang.Object, java.lang.Object, java.lang.Object, java.lang.Object, java.lang.Object)'> (0x00000000d59b2280) 
thrown [s\src\hotspot\share\interpreter\linkResolver.cpp, line 773]
Event: 2894.492 Thread 0x000001eef026cf00 Implicit null exception at 0x000001ee9cd6b54b to 0x000001ee9cd6b6b8

ZGC Phase Switch (0 events):
No events

VM Operations (20 events):
Event: 14010.632 Executing non-safepoint VM operation: RendezvousGCThreads
Event: 14010.632 Executing non-safepoint VM operation: RendezvousGCThreads done
Event: 14070.798 Executing non-safepoint VM operation: HandshakeAllThreads (HandshakeForDeflation)
Event: 14070.798 Executing non-safepoint VM operation: HandshakeAllThreads (HandshakeForDeflation) done
Event: 14070.798 Executing non-safepoint VM operation: RendezvousGCThreads
Event: 14070.798 Executing non-safepoint VM operation: RendezvousGCThreads done
Event: 14251.340 Executing non-safepoint VM operation: HandshakeAllThreads (HandshakeForDeflation)
Event: 14251.340 Executing non-safepoint VM operation: HandshakeAllThreads (HandshakeForDeflation) done
Event: 14251.340 Executing non-safepoint VM operation: RendezvousGCThreads
Event: 14251.340 Executing non-safepoint VM operation: RendezvousGCThreads done
Event: 14305.816 Executing safepoint VM operation: Cleanup
Event: 14305.817 Executing safepoint VM operation: Cleanup done
Event: 14306.831 Executing safepoint VM operation: Cleanup
Event: 14306.831 Executing safepoint VM operation: Cleanup done
Event: 14311.370 Executing non-safepoint VM operation: HandshakeAllThreads (HandshakeForDeflation)
Event: 14311.370 Executing non-safepoint VM operation: HandshakeAllThreads (HandshakeForDeflation) done
Event: 14311.371 Executing non-safepoint VM operation: RendezvousGCThreads
Event: 14311.371 Executing non-safepoint VM operation: RendezvousGCThreads done
Event: 14325.513 Executing safepoint VM operation: Cleanup
Event: 14325.513 Executing safepoint VM operation: Cleanup done

Memory protections (0 events):
No events

Nmethod flushes (20 events):
Event: 59.308 Thread 0x000001ee91cfa940 flushing  nmethod 0x000001ee956db190
Event: 59.308 Thread 0x000001ee91cfa940 flushing  nmethod 0x000001ee956e3890
Event: 59.308 Thread 0x000001ee91cfa940 flushing  nmethod 0x000001ee956ff810
Event: 59.308 Thread 0x000001ee91cfa940 flushing  nmethod 0x000001ee95700510
Event: 59.308 Thread 0x000001ee91cfa940 flushing  nmethod 0x000001ee9570b290
Event: 59.308 Thread 0x000001ee91cfa940 flushing  nmethod 0x000001ee95723210
Event: 59.308 Thread 0x000001ee91cfa940 flushing  nmethod 0x000001ee95723910
Event: 59.308 Thread 0x000001ee91cfa940 flushing  nmethod 0x000001ee95723e90
Event: 59.308 Thread 0x000001ee91cfa940 flushing  nmethod 0x000001ee95727390
Event: 59.308 Thread 0x000001ee91cfa940 flushing  nmethod 0x000001ee95728110
Event: 59.308 Thread 0x000001ee91cfa940 flushing  nmethod 0x000001ee95728590
Event: 59.308 Thread 0x000001ee91cfa940 flushing  nmethod 0x000001ee9572b990
Event: 59.308 Thread 0x000001ee91cfa940 flushing  nmethod 0x000001ee95748b90
Event: 59.308 Thread 0x000001ee91cfa940 flushing  nmethod 0x000001ee95763d10
Event: 59.308 Thread 0x000001ee91cfa940 flushing osr nmethod 0x000001ee9579f310
Event: 59.308 Thread 0x000001ee91cfa940 flushing  nmethod 0x000001ee957da910
Event: 59.308 Thread 0x000001ee91cfa940 flushing  nmethod 0x000001ee957dde90
Event: 59.308 Thread 0x000001ee91cfa940 flushing  nmethod 0x000001ee957e4610
Event: 59.308 Thread 0x000001ee91cfa940 flushing  nmethod 0x000001ee957eb710
Event: 59.308 Thread 0x000001ee91cfa940 flushing  nmethod 0x000001ee957fb010

Events (20 events):
Event: 545.792 Thread 0x000001eef1edecc0 Thread exited: 0x000001eef1edecc0
Event: 596.102 Thread 0x000001eef3fd9de0 Thread exited: 0x000001eef3fd9de0
Event: 605.795 Thread 0x000001eef3fd27c0 Thread exited: 0x000001eef3fd27c0
Event: 656.109 Thread 0x000001eef43dea00 Thread exited: 0x000001eef43dea00
Event: 665.802 Thread 0x000001eef1edf350 Thread exited: 0x000001eef1edf350
Event: 716.124 Thread 0x000001eef43de370 Thread exited: 0x000001eef43de370
Event: 725.812 Thread 0x000001eef1edf9e0 Thread exited: 0x000001eef1edf9e0
Event: 776.138 Thread 0x000001eef43df720 Thread exited: 0x000001eef43df720
Event: 2879.148 Thread 0x000001eeeaae46d0 Thread added: 0x000001eef08ee780
Event: 2879.253 Thread 0x000001eeeaae46d0 Thread added: 0x000001eef08ef520
Event: 2880.138 Thread 0x000001eef08ef520 Thread exited: 0x000001eef08ef520
Event: 2880.138 Thread 0x000001eef08ee780 Thread exited: 0x000001eef08ee780
Event: 2894.217 Thread 0x000001eef026cf00 Thread added: 0x000001eef43e1160
Event: 2894.277 Thread 0x000001eeeaae46d0 Thread added: 0x000001eef08ee780
Event: 2894.440 Thread 0x000001eeeaae46d0 Thread added: 0x000001eef08ed310
Event: 2899.872 Thread 0x000001eef08ed310 Thread exited: 0x000001eef08ed310
Event: 2899.918 Thread 0x000001eef08ee780 Thread exited: 0x000001eef08ee780
Event: 2954.223 Thread 0x000001eef43e1160 Thread exited: 0x000001eef43e1160
Event: 14306.093 Thread 0x000001eef1ed9e00 Thread added: 0x000001eef43e1160
Event: 14306.263 Thread 0x000001eef43e1160 Thread added: 0x000001eef43dea00


Dynamic libraries:
0x00007ff77ea20000 - 0x00007ff77ea2e000 	c:\Users\tiany\.vscode\extensions\redhat.java-1.54.0-win32-x64\jre\21.0.10-win32-x86_64\bin\java.exe
0x00007ff8c6120000 - 0x00007ff8c6387000 	C:\WINDOWS\SYSTEM32\ntdll.dll
0x00007ff8c4f30000 - 0x00007ff8c4ff9000 	C:\WINDOWS\System32\KERNEL32.DLL
0x00007ff8c2ca0000 - 0x00007ff8c3097000 	C:\WINDOWS\System32\KERNELBASE.dll
0x00007ff8c0380000 - 0x00007ff8c0420000 	C:\WINDOWS\SYSTEM32\apphelp.dll
0x00007ff8c2b50000 - 0x00007ff8c2c9b000 	C:\WINDOWS\System32\ucrtbase.dll
0x00007ff897bd0000 - 0x00007ff897bee000 	c:\Users\tiany\.vscode\extensions\redhat.java-1.54.0-win32-x64\jre\21.0.10-win32-x86_64\bin\VCRUNTIME140.dll
0x00007ff8a1840000 - 0x00007ff8a1858000 	c:\Users\tiany\.vscode\extensions\redhat.java-1.54.0-win32-x64\jre\21.0.10-win32-x86_64\bin\jli.dll
0x00007ff8c4940000 - 0x00007ff8c4b06000 	C:\WINDOWS\System32\USER32.dll
0x00007ff8a1a30000 - 0x00007ff8a1cc2000 	C:\WINDOWS\WinSxS\amd64_microsoft.windows.common-controls_6595b64144ccf1df_6.0.26100.8457_none_3e0b2faee331e92d\COMCTL32.dll
0x00007ff8c3e70000 - 0x00007ff8c3e97000 	C:\WINDOWS\System32\win32u.dll
0x00007ff8c5220000 - 0x00007ff8c52c9000 	C:\WINDOWS\System32\msvcrt.dll
0x00007ff8c5b20000 - 0x00007ff8c5b4b000 	C:\WINDOWS\System32\GDI32.dll
0x00007ff8c3130000 - 0x00007ff8c325c000 	C:\WINDOWS\System32\gdi32full.dll
0x00007ff8c33e0000 - 0x00007ff8c3483000 	C:\WINDOWS\System32\msvcp_win.dll
0x00007ff8c5350000 - 0x00007ff8c5382000 	C:\WINDOWS\System32\IMM32.DLL
0x00007ff8af0c0000 - 0x00007ff8af0cc000 	c:\Users\tiany\.vscode\extensions\redhat.java-1.54.0-win32-x64\jre\21.0.10-win32-x86_64\bin\vcruntime140_1.dll
0x00007ff88cc40000 - 0x00007ff88cccd000 	c:\Users\tiany\.vscode\extensions\redhat.java-1.54.0-win32-x64\jre\21.0.10-win32-x86_64\bin\msvcp140.dll
0x00007fffdebc0000 - 0x00007fffdf961000 	c:\Users\tiany\.vscode\extensions\redhat.java-1.54.0-win32-x64\jre\21.0.10-win32-x86_64\bin\server\jvm.dll
0x00007ff8c5f00000 - 0x00007ff8c5fb6000 	C:\WINDOWS\System32\ADVAPI32.dll
0x00007ff8c5e50000 - 0x00007ff8c5ef7000 	C:\WINDOWS\System32\sechost.dll
0x00007ff8c5fc0000 - 0x00007ff8c60d8000 	C:\WINDOWS\System32\RPCRT4.dll
0x00007ff8c5190000 - 0x00007ff8c5210000 	C:\WINDOWS\System32\WS2_32.dll
0x00007ff8c29b0000 - 0x00007ff8c2a0e000 	C:\WINDOWS\SYSTEM32\POWRPROF.dll
0x00007ff8ade90000 - 0x00007ff8ade9b000 	C:\WINDOWS\SYSTEM32\VERSION.dll
0x00007ff8b8950000 - 0x00007ff8b8986000 	C:\WINDOWS\SYSTEM32\WINMM.dll
0x00007ff8c2990000 - 0x00007ff8c29a4000 	C:\WINDOWS\SYSTEM32\UMPDC.dll
0x00007ff8c18e0000 - 0x00007ff8c18fb000 	C:\WINDOWS\SYSTEM32\kernel.appcore.dll
0x00007ff8ac9a0000 - 0x00007ff8ac9aa000 	c:\Users\tiany\.vscode\extensions\redhat.java-1.54.0-win32-x64\jre\21.0.10-win32-x86_64\bin\jimage.dll
0x00007ff8bbe40000 - 0x00007ff8bc082000 	C:\WINDOWS\SYSTEM32\DBGHELP.DLL
0x00007ff8c3ec0000 - 0x00007ff8c4243000 	C:\WINDOWS\System32\combase.dll
0x00007ff8c4860000 - 0x00007ff8c4939000 	C:\WINDOWS\System32\OLEAUT32.dll
0x00007ff8a8260000 - 0x00007ff8a829b000 	C:\WINDOWS\SYSTEM32\dbgcore.DLL
0x00007ff8c3490000 - 0x00007ff8c3538000 	C:\WINDOWS\System32\bcryptPrimitives.dll
0x00007ff8b2200000 - 0x00007ff8b220f000 	c:\Users\tiany\.vscode\extensions\redhat.java-1.54.0-win32-x64\jre\21.0.10-win32-x86_64\bin\instrument.dll
0x00007ff897ac0000 - 0x00007ff897ae0000 	c:\Users\tiany\.vscode\extensions\redhat.java-1.54.0-win32-x64\jre\21.0.10-win32-x86_64\bin\java.dll
0x00007ff8c5390000 - 0x00007ff8c5afe000 	C:\WINDOWS\System32\SHELL32.dll
0x00007ff8c3600000 - 0x00007ff8c3e6c000 	C:\WINDOWS\System32\windows.storage.dll
0x00007ff8c42d0000 - 0x00007ff8c43c6000 	C:\WINDOWS\System32\SHCORE.dll
0x00007ff8c5c60000 - 0x00007ff8c5cc6000 	C:\WINDOWS\System32\shlwapi.dll
0x00007ff8c2a70000 - 0x00007ff8c2a99000 	C:\WINDOWS\SYSTEM32\profapi.dll
0x00007ff895f00000 - 0x00007ff895f18000 	c:\Users\tiany\.vscode\extensions\redhat.java-1.54.0-win32-x64\jre\21.0.10-win32-x86_64\bin\zip.dll
0x00007ff8ac820000 - 0x00007ff8ac830000 	C:\Users\tiany\.vscode\extensions\redhat.java-1.54.0-win32-x64\jre\21.0.10-win32-x86_64\bin\net.dll
0x00007ff8bb620000 - 0x00007ff8bb749000 	C:\WINDOWS\SYSTEM32\WINHTTP.dll
0x00007ff8c1e50000 - 0x00007ff8c1ebc000 	C:\WINDOWS\system32\mswsock.dll
0x00007ff895ee0000 - 0x00007ff895ef6000 	C:\Users\tiany\.vscode\extensions\redhat.java-1.54.0-win32-x64\jre\21.0.10-win32-x86_64\bin\nio.dll
0x00007ff8ac7a0000 - 0x00007ff8ac7b0000 	c:\Users\tiany\.vscode\extensions\redhat.java-1.54.0-win32-x64\jre\21.0.10-win32-x86_64\bin\verify.dll
0x00007ff88c8a0000 - 0x00007ff88c8e5000 	C:\Users\tiany\AppData\Roaming\Code\User\globalStorage\redhat.java\1.54.0\config_win\org.eclipse.equinox.launcher\org.eclipse.equinox.launcher.win32.win32.x86_64_1.3.0.v20260203-2149\eclipse_11919.dll
0x00007ff8c4cf0000 - 0x00007ff8c4e87000 	C:\WINDOWS\System32\ole32.dll
0x00007ff8c2140000 - 0x00007ff8c215b000 	C:\WINDOWS\SYSTEM32\CRYPTSP.dll
0x00007ff8c1840000 - 0x00007ff8c1879000 	C:\WINDOWS\system32\rsaenh.dll
0x00007ff8c1f00000 - 0x00007ff8c1f33000 	C:\WINDOWS\SYSTEM32\USERENV.dll
0x00007ff8c2a40000 - 0x00007ff8c2a6a000 	C:\WINDOWS\SYSTEM32\bcrypt.dll
0x00007ff8c2130000 - 0x00007ff8c213c000 	C:\WINDOWS\SYSTEM32\CRYPTBASE.dll
0x00007ff8c12a0000 - 0x00007ff8c12d2000 	C:\WINDOWS\SYSTEM32\IPHLPAPI.DLL
0x00007ff8c5ce0000 - 0x00007ff8c5cea000 	C:\WINDOWS\System32\NSI.dll
0x00007ff895f40000 - 0x00007ff895f89000 	C:\Users\tiany\AppData\Local\Temp\jna-110122185\jna12640108571156120346.dll
0x00007ff8c5b10000 - 0x00007ff8c5b18000 	C:\WINDOWS\System32\PSAPI.DLL
0x00007ff8bb7c0000 - 0x00007ff8bb7dd000 	C:\WINDOWS\SYSTEM32\dhcpcsvc6.DLL
0x00007ff8bb750000 - 0x00007ff8bb775000 	C:\WINDOWS\SYSTEM32\dhcpcsvc.DLL
0x00007ff8b2100000 - 0x00007ff8b210e000 	C:\Users\tiany\.vscode\extensions\redhat.java-1.54.0-win32-x64\jre\21.0.10-win32-x86_64\bin\sunmscapi.dll
0x00007ff8c3260000 - 0x00007ff8c33d8000 	C:\WINDOWS\System32\CRYPT32.dll
0x00007ff8c2350000 - 0x00007ff8c2380000 	C:\WINDOWS\SYSTEM32\ncrypt.dll
0x00007ff8c2300000 - 0x00007ff8c233f000 	C:\WINDOWS\SYSTEM32\NTASN1.dll
0x00007ff8c12e0000 - 0x00007ff8c1412000 	C:\WINDOWS\SYSTEM32\DNSAPI.dll
0x00007ff8bb390000 - 0x00007ff8bb39b000 	C:\Windows\System32\rasadhlp.dll
0x00007ff8bc090000 - 0x00007ff8bc116000 	C:\WINDOWS\System32\fwpuclnt.dll
0x00007ff8b17e0000 - 0x00007ff8b17e9000 	C:\Users\tiany\.vscode\extensions\redhat.java-1.54.0-win32-x64\jre\21.0.10-win32-x86_64\bin\extnet.dll
0x00007ff8c1a00000 - 0x00007ff8c1a36000 	C:\WINDOWS\SYSTEM32\ntmarta.dll

JVMTI agents:
c:\Users\tiany\.vscode\extensions\redhat.java-1.54.0-win32-x64\lombok\lombok-1.18.39-4050.jar path:c:\Users\tiany\.vscode\extensions\redhat.java-1.54.0-win32-x64\jre\21.0.10-win32-x86_64\bin\instrument.dll, loaded, initialized, instrumentlib options:none

dbghelp: loaded successfully - version: 4.0.5 - missing functions: none
symbol engine: initialized successfully - sym options: 0x614 - pdb path: .;c:\Users\tiany\.vscode\extensions\redhat.java-1.54.0-win32-x64\jre\21.0.10-win32-x86_64\bin;C:\WINDOWS\SYSTEM32;C:\WINDOWS\WinSxS\amd64_microsoft.windows.common-controls_6595b64144ccf1df_6.0.26100.8457_none_3e0b2faee331e92d;c:\Users\tiany\.vscode\extensions\redhat.java-1.54.0-win32-x64\jre\21.0.10-win32-x86_64\bin\server;C:\Users\tiany\AppData\Roaming\Code\User\globalStorage\redhat.java\1.54.0\config_win\org.eclipse.equinox.launcher\org.eclipse.equinox.launcher.win32.win32.x86_64_1.3.0.v20260203-2149;C:\Users\tiany\AppData\Local\Temp\jna-110122185

VM Arguments:
jvm_args: --add-modules=ALL-SYSTEM --add-opens=java.base/java.util=ALL-UNNAMED --add-opens=java.base/java.lang=ALL-UNNAMED --add-opens=java.base/sun.nio.fs=ALL-UNNAMED -Declipse.application=org.eclipse.jdt.ls.core.id1 -Dosgi.bundles.defaultStartLevel=4 -Declipse.product=org.eclipse.jdt.ls.core.product -Djava.import.generatesMetadataFilesAtProjectRoot=false -DDetectVMInstallationsJob.disabled=true -Dfile.encoding=utf8 -XX:+UseParallelGC -XX:GCTimeRatio=4 -XX:AdaptiveSizePolicyWeight=90 -Dsun.zip.disableMemoryMapping=true -Xmx2G -Xms100m -Xlog:disable -javaagent:c:\Users\tiany\.vscode\extensions\redhat.java-1.54.0-win32-x64\lombok\lombok-1.18.39-4050.jar -XX:+HeapDumpOnOutOfMemoryError -XX:HeapDumpPath=c:\Users\tiany\AppData\Roaming\Code\User\workspaceStorage\26c497057c0288317eacd1a9e3fe1a07\redhat.java -Daether.dependencyCollector.impl=bf 
java_command: c:\Users\tiany\.vscode\extensions\redhat.java-1.54.0-win32-x64\server\plugins\org.eclipse.equinox.launcher_1.7.100.v20251111-0406.jar -configuration c:\Users\tiany\AppData\Roaming\Code\User\globalStorage\redhat.java\1.54.0\config_win -data c:\Users\tiany\AppData\Roaming\Code\User\workspaceStorage\26c497057c0288317eacd1a9e3fe1a07\redhat.java\jdt_ws --pipe=\\.\pipe\lsp-cc93dd15eef843e078fcf2874bde3b8e-sock
java_class_path (initial): c:\Users\tiany\.vscode\extensions\redhat.java-1.54.0-win32-x64\server\plugins\org.eclipse.equinox.launcher_1.7.100.v20251111-0406.jar
Launcher Type: SUN_STANDARD

[Global flags]
    uintx AdaptiveSizePolicyWeight                 = 90                                        {product} {command line}
     intx CICompilerCount                          = 4                                         {product} {ergonomic}
    uintx GCTimeRatio                              = 4                                         {product} {command line}
     bool HeapDumpOnOutOfMemoryError               = true                                   {manageable} {command line}
    ccstr HeapDumpPath                             = c:\Users\tiany\AppData\Roaming\Code\User\workspaceStorage\26c497057c0288317eacd1a9e3fe1a07\redhat.java         {manageable} {command line}
   size_t InitialHeapSize                          = 104857600                                 {product} {command line}
   size_t MaxHeapSize                              = 2147483648                                {product} {command line}
   size_t MaxNewSize                               = 715653120                                 {product} {ergonomic}
   size_t MinHeapDeltaBytes                        = 524288                                    {product} {ergonomic}
   size_t MinHeapSize                              = 104857600                                 {product} {command line}
   size_t NewSize                                  = 34603008                                  {product} {ergonomic}
    uintx NonNMethodCodeHeapSize                   = 5839372                                {pd product} {ergonomic}
    uintx NonProfiledCodeHeapSize                  = 122909434                              {pd product} {ergonomic}
   size_t OldSize                                  = 70254592                                  {product} {ergonomic}
    uintx ProfiledCodeHeapSize                     = 122909434                              {pd product} {ergonomic}
    uintx ReservedCodeCacheSize                    = 251658240                              {pd product} {ergonomic}
     bool SegmentedCodeCache                       = true                                      {product} {ergonomic}
   size_t SoftMaxHeapSize                          = 2147483648                             {manageable} {ergonomic}
     bool UseCompressedOops                        = true                           {product lp64_product} {ergonomic}
     bool UseLargePagesIndividualAllocation        = false                                  {pd product} {ergonomic}
     bool UseParallelGC                            = true                                      {product} {command line}

Logging:
Log output configuration:
 #0: stdout all=off uptime,level,tags foldmultilines=false
 #1: stderr all=off uptime,level,tags foldmultilines=false

Release file:
JAVA_VERSION="21.0.10" 
MODULES="java.base java.compiler java.datatransfer java.xml java.prefs java.desktop java.instrument java.logging java.management java.security.sasl java.naming java.rmi java.management.rmi java.net.http java.scripting java.security.jgss java.transaction.xa java.sql java.sql.rowset java.xml.crypto java.se java.smartcardio jdk.accessibility jdk.internal.jvmstat jdk.attach jdk.charsets jdk.internal.opt jdk.zipfs jdk.compiler jdk.crypto.ec jdk.crypto.cryptoki jdk.crypto.mscapi jdk.dynalink jdk.internal.ed jdk.editpad jdk.hotspot.agent jdk.httpserver jdk.internal.le jdk.internal.vm.ci jdk.internal.vm.compiler jdk.internal.vm.compiler.management jdk.jartool jdk.javadoc jdk.jcmd jdk.management jdk.management.agent jdk.jconsole jdk.jdeps jdk.jdwp.agent jdk.jdi jdk.jfr jdk.jshell jdk.jsobject jdk.jstatd jdk.localedata jdk.management.jfr jdk.naming.dns jdk.naming.rmi jdk.net jdk.nio.mapmode jdk.random jdk.sctp jdk.security.auth jdk.security.jgss jdk.unsupported jdk.unsupported.desktop jdk.xml.dom" 

Environment Variables:
JAVA_HOME=D:\Program Files\Java\jdk-17
PATH=C:\Program Files (x86)\Common Files\Oracle\Java\javapath;D:\Program Files\Java\jdk-17\bin;D:\Program Files\apache-maven-3.6.1\bin\;D:\Program Files\mysql-8.0.28-winx64\bin;D:\Program Files\nodejs\node_global;C:\Python312\Scripts\;C:\Python312\;C:\Windows\system32;C:\Windows;C:\Windows\System32\Wbem;C:\Windows\System32\WindowsPowerShell\v1.0\;C:\Windows\System32\OpenSSH\;C:\Windows\system32\config\systemprofile\AppData\Local\Microsoft\WindowsApps;C:\windows\system32\HWAudioDriver\;C:\ProgramData\chocolatey\bin;D:\Program Files\Git\cmd;D:\Program Files\Redis\;C:\WINDOWS\system32;C:\WINDOWS;C:\WINDOWS\System32\Wbem;C:\WINDOWS\System32\WindowsPowerShell\v1.0\;C:\WINDOWS\System32\OpenSSH\;D:\Program Files\nodejs\;C:\Program Files\Docker\Docker\resources\bin;C:\Program Files\GitHub CLI\;C:\Program Files (x86)\Common Files\Oracle\Java\javapath;D:\Program Files\Java\jdk-17\bin;D:\Program Files\apache-maven-3.6.1\bin\;D:\Program Files\mysql-8.0.28-winx64\bin;D:\Program Files\nodejs\node_global;C:\Python312\Scripts\;C:\Python312\;C:\Windows\system32;C:\Windows;C:\Windows\System32\Wbem;C:\Windows\System32\WindowsPowerShell\v1.0\;C:\Windows\System32\OpenSSH\;C:\Windows\system32\config\systemprofile\AppData\Local\Microsoft\WindowsApps;C:\windows\system32\HWAudioDriver\;C:\ProgramData\chocolatey\bin;D:\Program Files\Git\cmd;D:\Program Files\Redis\;C:\WINDOWS\system32;C:\WINDOWS;C:\WINDOWS\System32\Wbem;C:\WINDOWS\System32\WindowsPowerShell\v1.0\;C:\WINDOWS\System32\OpenSSH\;D:\Program Files\nodejs\;C:\Program Files\Docker\Docker\resources\bin;C:\Users\tiany\AppData\Local\Microsoft\WindowsApps;D:\Program Files\JetBrains\IntelliJ IDEA 2023.3.5\bin;D:\Program Files\Microsoft VS Code\bin;D:\Program Files\JetBrains\DataGrip 2024.1.2\bin;C:\Users\tiany\AppData\Roaming\npm;C:\Program Files\GitHub CLI;
USERNAME=taian
OS=Windows_NT
PROCESSOR_IDENTIFIER=Intel64 Family 6 Model 154 Stepping 4, GenuineIntel
TMP=C:\Users\tiany\AppData\Local\Temp
TEMP=C:\Users\tiany\AppData\Local\Temp




Periodic native trim disabled

---------------  S Y S T E M  ---------------

OS:
 Windows 11 , 64 bit Build 26100 (10.0.26100.8328)
OS uptime: 2 days 1:39 hours
Hyper-V role detected

CPU: total 12 (initial active 12) (6 cores per cpu, 2 threads per core) family 6 model 154 stepping 4 microcode 0x424, cx8, cmov, fxsr, ht, mmx, 3dnowpref, sse, sse2, sse3, ssse3, sse4.1, sse4.2, popcnt, lzcnt, tsc, tscinvbit, avx, avx2, aes, erms, clmul, bmi1, bmi2, adx, sha, fma, vzeroupper, clflush, clflushopt, clwb, hv, serialize, rdtscp, rdpid, fsrm, f16c, cet_ibt, cet_ss
Processor Information for the first 12 processors :
  Max Mhz: 1300, Current Mhz: 1300, Mhz Limit: 1300

Memory: 4k page, system-wide physical 16108M (953M free)
TotalPageFile size 49545M (AvailPageFile size 21M)
current process WorkingSet (physical memory assigned to process): 118M, peak: 869M
current process commit charge ("private bytes"): 802M, peak: 827M

vm_info: OpenJDK 64-Bit Server VM (21.0.10+7-LTS) for windows-amd64 JRE (21.0.10+7-LTS), built on 2026-01-20T00:00:00Z by "admin" with MS VC++ 17.12 (VS2022)

END.
